INFO:root:start server.
INFO:root:request is : HTTPRequest(protocol='http', host='127.0.0.1:8000', method='GET', uri='/', version='HTTP/1.1', remote_ip='127.0.0.1', headers={'Host': '127.0.0.1:8000', 'User-Agent': 'Python-urllib/2.7', 'Connection': 'close', 'Accept-Encoding': 'identity'}) 
 

INFO:root:request arguments: {}
INFO:tornado.access:200 GET / (127.0.0.1) 9.18ms
INFO:root:request is : HTTPRequest(protocol='http', host='127.0.0.1:8000', method='POST', uri='/login', version='HTTP/1.1', remote_ip='127.0.0.1', headers={'Content-Length': '128', 'Host': '127.0.0.1:8000', 'Cookie': '_xsrf=b63e8fcb18804b39b5c6c25ec352af6a', 'Accept-Encoding': 'identity', 'Content-Type': 'application/x-www-form-urlencoded', 'Connection': 'close', 'User-Agent': 'Python-urllib/2.7'}) 
 

INFO:root:request arguments: {'_xsrf': ['b63e8fcb18804b39b5c6c25ec352af6a'], 'info_json': ['{"password": "cxh123456", "telephone": "15195861108"}']}
INFO:root: uid is 127
INFO:root:data ['2016-09-13 12:36:40', 'b63e8fcb18804b39b5c6c25ec352af6a', '3eb436281264285cfa0d429a44b14617714371c8d2d7bcc5e1accc72735fd98d2e3161cc6931e04580bf6837a7f4fe51cfd7c56a6c5f579be81fa40c97e02f57', '0', '2016-09-13 19:51:47']
INFO:root:in return to client
INFO:root:in change custom string to json
INFO:root: print key update and value {}
INFO:root:in change custom string to json
INFO:root: print key response and value {u'last_update_time': u'2016-09-13 12:36:40', u'major': u'\u8f6f\u4ef6\u5de5\u7a0b', u'uid': 127, u'admission_year': 2014, u'instroduction': u'{}', u'create_circle_list': u'_41_42_43_', u'city': u'\u5357\u4eac', u'icon_url': u'http://www.seu.edu.cn/5734751473770195.01.jpg', u'my_circle_list': u'_41_42_43_36_32_', u'state': u'\u6c5f\u82cf', u'protect_contact_list': u'{}', u'detail_id': 82, u'company_publicity_level': 0, u'public_contact_list': u'{}', u'admin_circle_list': u'_', u'tags': u'{}', u'company': u'the SEU', u'job': u'student', u'faculty': u'\u8f6f\u4ef6\u5b66\u9662', u'name': u'\u9648\u96c4\u8f89', u'gender': 1, u'job_list_level': 0, u'country': u'\u4e2d\u56fd', u'adlevel': 0, u'job_list': u'{}'}
INFO:root:in change custom string to json
INFO:root: print key last_update_time and value 2016-09-13 12:36:40
INFO:root: print key major and value 软件工程
INFO:root: print key uid and value 127
INFO:root: print key admission_year and value 2014
INFO:root: print key instroduction and value {}
INFO:root: print key create_circle_list and value _41_42_43_
INFO:root: print key city and value 南京
INFO:root: print key icon_url and value http://www.seu.edu.cn/5734751473770195.01.jpg
INFO:root: print key my_circle_list and value _41_42_43_36_32_
INFO:root: print key state and value 江苏
INFO:root: print key protect_contact_list and value {}
INFO:root: print key detail_id and value 82
INFO:root: print key company_publicity_level and value 0
INFO:root: print key public_contact_list and value {}
INFO:root: print key admin_circle_list and value _
INFO:root: print key tags and value {}
INFO:root: print key company and value the SEU
INFO:root: print key job and value student
INFO:root: print key faculty and value 软件学院
INFO:root: print key name and value 陈雄辉
INFO:root: print key gender and value 1
INFO:root: print key job_list_level and value 0
INFO:root: print key country and value 中国
INFO:root: print key adlevel and value 0
INFO:root: print key job_list and value {}
INFO:root:json returned to client is :{"message": "login successfully!", "code": 1204, "Data": {"update": {}, "response": {"last_update_time": "2016-09-13 12:36:40", "major": "\u8f6f\u4ef6\u5de5\u7a0b", "uid": 127, "admission_year": 2014, "instroduction": "{}", "create_circle_list": "_41_42_43_", "city": "\u5357\u4eac", "icon_url": "http://alumnuscircle.oss-cn-shanghai.aliyuncs.com/5734751473770195.01.jpg?OSSAccessKeyId=LTAIkY3jD1E5hu8z&Expires=1475387132&Signature=UoBvBjvHKTtPua07M1brjwXzpvE%3D", "my_circle_list": "_41_42_43_36_32_", "state": "\u6c5f\u82cf", "protect_contact_list": "{}", "detail_id": 82, "company_publicity_level": 0, "public_contact_list": "{}", "admin_circle_list": "_", "tags": "{}", "company": "the SEU", "job": "student", "faculty": "\u8f6f\u4ef6\u5b66\u9662", "name": "\u9648\u96c4\u8f89", "gender": 1, "job_list_level": 0, "country": "\u4e2d\u56fd", "adlevel": 0, "job_list": "{}"}}}
INFO:tornado.access:200 POST /login (127.0.0.1) 71.30ms
INFO:root:request is : HTTPRequest(protocol='http', host='127.0.0.1:8000', method='POST', uri='/get_my_comment', version='HTTP/1.1', remote_ip='127.0.0.1', headers={'Content-Length': '123', 'Host': '127.0.0.1:8000', 'Cookie': '_xsrf=b63e8fcb18804b39b5c6c25ec352af6a; uid=MTI3|1475386832|154235ed855d9b7524bad0d1808209670ce5d876', 'Accept-Encoding': 'identity', 'Content-Type': 'application/x-www-form-urlencoded', 'Connection': 'close', 'User-Agent': 'Python-urllib/2.7'}) 
 

INFO:root:request arguments: {'_xsrf': ['b63e8fcb18804b39b5c6c25ec352af6a'], 'info_json': ['{"count": 30, "type": "received", "page": 1}']}
INFO:root:url of set_umengrequest:https://rest.wsq.umeng.com/0/my/comments?ak=57b18b2ee0f55ac368001dc8&access_token=3eb436281264285cfa0d429a44b14617714371c8d2d7bcc5e1accc72735fd98d2e3161cc6931e04580bf6837a7f4fe51cfd7c56a6c5f579be81fa40c97e02f57
INFO:root:Umeng_asyn_request request url https://rest.wsq.umeng.com/0/my/comments?ak=57b18b2ee0f55ac368001dc8&access_token=3eb436281264285cfa0d429a44b14617714371c8d2d7bcc5e1accc72735fd98d2e3161cc6931e04580bf6837a7f4fe51cfd7c56a6c5f579be81fa40c97e02f57&count=30&type=received&page=1 
 body None:
INFO:root:umeng response is HTTPResponse(_body=None,buffer=<_io.BytesIO object at 0x7fd0b7da97d0>,code=200,effective_url='https://rest.wsq.umeng.com/0/my/comments?ak=57b18b2ee0f55ac368001dc8&access_token=3eb436281264285cfa0d429a44b14617714371c8d2d7bcc5e1accc72735fd98d2e3161cc6931e04580bf6837a7f4fe51cfd7c56a6c5f579be81fa40c97e02f57&count=30&type=received&page=1',error=None,headers={'Content-Encoding': 'gzip', 'Transfer-Encoding': 'chunked', 'Strict-Transport-Security': 'max-age=31536000', 'Vary': 'Accept, Cookie', 'Server': 'Tengine/Aserver', 'Connection': 'close', 'Allow': 'GET, HEAD, OPTIONS', 'Access-Control-Allow-Credentials': 'true', 'Date': 'Sun, 02 Oct 2016 05:40:33 GMT', 'Access-Control-Allow-Origin': '*', 'Access-Control-Allow-Methods': 'GET, POST, OPTIONS, PUT, DELETE', 'Content-Type': 'application/json', 'Timing-Allow-Origin': '*'},reason='OK',request=<tornado.httpclient.HTTPRequest object at 0x7fd0b7db5610>,request_time=0.16362309455871582,time_info={})
INFO:root:unit creator is {u'icon_url': {u'origin': u'http://www.seu.edu.cn/9993031473744250.17.jpg', u'640': u'http://www.seu.edu.cn/9993031473744250.17.jpg', u'240': u'http://www.seu.edu.cn/9993031473744250.17.jpg'}, u'medal_ids': [], u'id': u'57d78d7eb9a9965b93087927', u'source_uid': u'15514410026', u'name': u'15514410026\u66fe\u535a\u6656'}
INFO:root:unit creator is {u'icon_url': {u'origin': u'http://www.seu.edu.cn/5734751473770195.01.jpg', u'640': u'http://www.seu.edu.cn/5734751473770195.01.jpg', u'240': u'http://www.seu.edu.cn/5734751473770195.01.jpg'}, u'medal_ids': [], u'id': u'57d7f2d7d36ef37d0df6ab46', u'source_uid': u'15195861108', u'name': u'15195861108\u9648\u96c4\u8f89'}
INFO:root:in return to client
INFO:root:in change custom string to json
INFO:root: print key update and value {}
INFO:root:in change custom string to json
INFO:root: print key response and value {u'count': 30, u'total': 2, u'page': 1, u'results': [{u'feed': {u'content': u'\u5bfb\u6c42\u4eba\u5de5\u667a\u80fd\u9886\u57df\u7684\u5927\u725b\uff0c\u62db\u8d24\u7eb3\u58eb\uff0c\u5728\u627e\u5de5\u4f5c\u7684\u901f\u901f\u79c1\u6233\u3002\u7b80\u5386\u6295\u90ae\u7bb1zpcxh95@outlook.com'}, u'content': u'\u5df2\u7ecf\u79c1\u6233\uff0c\u5e0c\u671b\u8be6\u804a\uff01', u'create_time': u'2016-10-02 13:37:06', u'id': u'57f09d02d36ef3c6f51455e3', u'creator': {u'icon_url': {u'origin': u'http://www.seu.edu.cn/9993031473744250.17.jpg', u'640': u'http://www.seu.edu.cn/9993031473744250.17.jpg', u'240': u'http://www.seu.edu.cn/9993031473744250.17.jpg'}, u'medal_ids': [], u'id': u'57d78d7eb9a9965b93087927', u'source_uid': u'15514410026', u'name': u'15514410026\u66fe\u535a\u6656'}}]}
INFO:root:in change custom string to json
INFO:root: print key count and value 30
INFO:root: print key total and value 2
INFO:root: print key page and value 1
INFO:root: print key results and value [{u'feed': {u'content': u'\u5bfb\u6c42\u4eba\u5de5\u667a\u80fd\u9886\u57df\u7684\u5927\u725b\uff0c\u62db\u8d24\u7eb3\u58eb\uff0c\u5728\u627e\u5de5\u4f5c\u7684\u901f\u901f\u79c1\u6233\u3002\u7b80\u5386\u6295\u90ae\u7bb1zpcxh95@outlook.com'}, u'content': u'\u5df2\u7ecf\u79c1\u6233\uff0c\u5e0c\u671b\u8be6\u804a\uff01', u'create_time': u'2016-10-02 13:37:06', u'id': u'57f09d02d36ef3c6f51455e3', u'creator': {u'icon_url': {u'origin': u'http://www.seu.edu.cn/9993031473744250.17.jpg', u'640': u'http://www.seu.edu.cn/9993031473744250.17.jpg', u'240': u'http://www.seu.edu.cn/9993031473744250.17.jpg'}, u'medal_ids': [], u'id': u'57d78d7eb9a9965b93087927', u'source_uid': u'15514410026', u'name': u'15514410026\u66fe\u535a\u6656'}}]
INFO:root:in change custom string to json
INFO:root: print key feed and value {u'content': u'\u5bfb\u6c42\u4eba\u5de5\u667a\u80fd\u9886\u57df\u7684\u5927\u725b\uff0c\u62db\u8d24\u7eb3\u58eb\uff0c\u5728\u627e\u5de5\u4f5c\u7684\u901f\u901f\u79c1\u6233\u3002\u7b80\u5386\u6295\u90ae\u7bb1zpcxh95@outlook.com'}
INFO:root:in change custom string to json
INFO:root: print key content and value 寻求人工智能领域的大牛，招贤纳士，在找工作的速速私戳。简历投邮箱zpcxh95@outlook.com
INFO:root: print key content and value 已经私戳，希望详聊！
INFO:root: print key create_time and value 2016-10-02 13:37:06
INFO:root: print key id and value 57f09d02d36ef3c6f51455e3
INFO:root: print key creator and value {u'icon_url': {u'origin': u'http://www.seu.edu.cn/9993031473744250.17.jpg', u'640': u'http://www.seu.edu.cn/9993031473744250.17.jpg', u'240': u'http://www.seu.edu.cn/9993031473744250.17.jpg'}, u'medal_ids': [], u'id': u'57d78d7eb9a9965b93087927', u'source_uid': u'15514410026', u'name': u'15514410026\u66fe\u535a\u6656'}
INFO:root:in change custom string to json
INFO:root: print key icon_url and value {u'origin': u'http://www.seu.edu.cn/9993031473744250.17.jpg', u'640': u'http://www.seu.edu.cn/9993031473744250.17.jpg', u'240': u'http://www.seu.edu.cn/9993031473744250.17.jpg'}
INFO:root:in icon_url ,key isicon_url
INFO:root:in change custom string to json
INFO:root: print key origin and value http://www.seu.edu.cn/9993031473744250.17.jpg
INFO:root: print key 640 and value http://www.seu.edu.cn/9993031473744250.17.jpg
INFO:root: print key 240 and value http://www.seu.edu.cn/9993031473744250.17.jpg
INFO:root: print key medal_ids and value []
INFO:root: print key id and value 57d78d7eb9a9965b93087927
INFO:root: print key source_uid and value 15514410026
INFO:root: print key name and value 15514410026曾博晖
INFO:root:json returned to client is :{"message": "get umeng api successfully", "code": 4300, "Data": {"update": {}, "response": {"count": 30, "total": 2, "page": 1, "results": [{"feed": {"content": "\u5bfb\u6c42\u4eba\u5de5\u667a\u80fd\u9886\u57df\u7684\u5927\u725b\uff0c\u62db\u8d24\u7eb3\u58eb\uff0c\u5728\u627e\u5de5\u4f5c\u7684\u901f\u901f\u79c1\u6233\u3002\u7b80\u5386\u6295\u90ae\u7bb1zpcxh95@outlook.com"}, "content": "\u5df2\u7ecf\u79c1\u6233\uff0c\u5e0c\u671b\u8be6\u804a\uff01", "create_time": "2016-10-02 13:37:06", "id": "57f09d02d36ef3c6f51455e3", "creator": {"icon_url": "http://alumnuscircle.oss-cn-shanghai.aliyuncs.com/9993031473744250.17.jpg?OSSAccessKeyId=LTAIkY3jD1E5hu8z&Expires=1475387133&Signature=dUJEVuxPuwaLIepXLrmLupnYCAk%3D", "medal_ids": [], "id": "57d78d7eb9a9965b93087927", "source_uid": "15514410026", "name": "15514410026\u66fe\u535a\u6656"}}]}}}
INFO:tornado.access:200 POST /get_my_comment (127.0.0.1) 193.12ms
